2024-10-15 17:49:36,392 [Worker-2: Loading available Gradle versions] INFO  o.e.b.c.i.u.g.PublishedGradleVersions - Gradle version information cache is not available. Remote download required.
2024-10-18 21:49:29,874 [Worker-0: Loading available Gradle versions] INFO  o.e.b.c.i.u.g.PublishedGradleVersions - Gradle version information cache is out-of-date. Trying to update.
2024-10-22 18:04:25,902 [Worker-1: Loading available Gradle versions] INFO  o.e.b.c.i.u.g.PublishedGradleVersions - Gradle version information cache is out-of-date. Trying to update.
2024-10-23 18:15:57,486 [Worker-0: Loading available Gradle versions] INFO  o.e.b.c.i.u.g.PublishedGradleVersions - Gradle version information cache is out-of-date. Trying to update.
2024-10-25 19:37:46,982 [Worker-1: Loading available Gradle versions] INFO  o.e.b.c.i.u.g.PublishedGradleVersions - Gradle version information cache is out-of-date. Trying to update.
2024-10-28 15:44:19,917 [Worker-0: Loading available Gradle versions] INFO  o.e.b.c.i.u.g.PublishedGradleVersions - Gradle version information cache is out-of-date. Trying to update.
2024-10-28 19:17:29,304 [Worker-0: Loading available Gradle versions] INFO  o.e.b.c.i.u.g.PublishedGradleVersions - Gradle version information cache is up-to-date. Trying to read.
2024-10-29 17:10:43,383 [Worker-1: Loading available Gradle versions] INFO  o.e.b.c.i.u.g.PublishedGradleVersions - Gradle version information cache is out-of-date. Trying to update.
2024-10-30 11:50:02,381 [Worker-2: Loading available Gradle versions] INFO  o.e.b.c.i.u.g.PublishedGradleVersions - Gradle version information cache is up-to-date. Trying to read.
2024-11-09 19:43:54,369 [Worker-0: Loading available Gradle versions] INFO  o.e.b.c.i.u.g.PublishedGradleVersions - Gradle version information cache is out-of-date. Trying to update.
2024-11-12 18:27:34,767 [Worker-0: Loading available Gradle versions] INFO  o.e.b.c.i.u.g.PublishedGradleVersions - Gradle version information cache is out-of-date. Trying to update.
2024-11-13 14:43:22,438 [Worker-10: Loading available Gradle versions] INFO  o.e.b.c.i.u.g.PublishedGradleVersions - Gradle version information cache is up-to-date. Trying to read.
2024-11-14 23:24:09,385 [Worker-2: Loading available Gradle versions] INFO  o.e.b.c.i.u.g.PublishedGradleVersions - Gradle version information cache is out-of-date. Trying to update.
2024-11-15 20:10:01,619 [Worker-2: Loading available Gradle versions] INFO  o.e.b.c.i.u.g.PublishedGradleVersions - Gradle version information cache is up-to-date. Trying to read.
2024-11-17 19:56:46,825 [Worker-0: Loading available Gradle versions] INFO  o.e.b.c.i.u.g.PublishedGradleVersions - Gradle version information cache is out-of-date. Trying to update.
2024-11-20 18:20:59,454 [Worker-0: Loading available Gradle versions] INFO  o.e.b.c.i.u.g.PublishedGradleVersions - Gradle version information cache is out-of-date. Trying to update.
2024-11-22 15:59:58,332 [Worker-3: Loading available Gradle versions] INFO  o.e.b.c.i.u.g.PublishedGradleVersions - Gradle version information cache is out-of-date. Trying to update.
2024-11-25 22:25:07,379 [Worker-0: Loading available Gradle versions] INFO  o.e.b.c.i.u.g.PublishedGradleVersions - Gradle version information cache is out-of-date. Trying to update.
2024-11-25 22:25:34,833 [Worker-0: Computing Git status for repository workspace] ERROR org.eclipse.jgit.ignore.IgnoreNode - File JLGP_Actividad2/.gitignore line 1: cannot parse pattern 'JRE System Library [JavaSE-21]': Exception caught while parsing ignore rule 'JRE System Library [JavaSE-21]'.
org.eclipse.jgit.errors.InvalidPatternException: Exception caught while parsing ignore rule 'JRE System Library [JavaSE-21]'.
	at org.eclipse.jgit.ignore.internal.Strings.convertGlob(Strings.java:416)
	at org.eclipse.jgit.ignore.internal.WildCardMatcher.<init>(WildCardMatcher.java:31)
	at org.eclipse.jgit.ignore.internal.PathMatcher.createNameMatcher0(PathMatcher.java:147)
	at org.eclipse.jgit.ignore.internal.PathMatcher.createMatchers(PathMatcher.java:67)
	at org.eclipse.jgit.ignore.internal.PathMatcher.<init>(PathMatcher.java:52)
	at org.eclipse.jgit.ignore.internal.PathMatcher.createPathMatcher(PathMatcher.java:104)
	at org.eclipse.jgit.ignore.FastIgnoreRule.parse(FastIgnoreRule.java:111)
	at org.eclipse.jgit.ignore.IgnoreNode.parse(IgnoreNode.java:111)
	at org.eclipse.jgit.treewalk.WorkingTreeIterator$PerDirectoryIgnoreNode.load(WorkingTreeIterator.java:1275)
	at org.eclipse.jgit.treewalk.WorkingTreeIterator$PerDirectoryIgnoreNode.load(WorkingTreeIterator.java:1269)
	at org.eclipse.jgit.treewalk.WorkingTreeIterator.getIgnoreNode(WorkingTreeIterator.java:737)
	at org.eclipse.jgit.treewalk.WorkingTreeIterator.isDirectoryIgnored(WorkingTreeIterator.java:1589)
	at org.eclipse.jgit.treewalk.WorkingTreeIterator.isDirectoryIgnored(WorkingTreeIterator.java:1567)
	at org.eclipse.jgit.treewalk.WorkingTreeIterator.isEntryIgnored(WorkingTreeIterator.java:719)
	at org.eclipse.jgit.treewalk.WorkingTreeIterator.isEntryIgnored(WorkingTreeIterator.java:679)
	at org.eclipse.jgit.treewalk.WorkingTreeIterator.isEntryIgnored(WorkingTreeIterator.java:666)
	at org.eclipse.jgit.treewalk.filter.IndexDiffFilter.include(IndexDiffFilter.java:137)
	at org.eclipse.jgit.treewalk.filter.TreeFilter.matchFilter(TreeFilter.java:195)
	at org.eclipse.jgit.treewalk.filter.AndTreeFilter$List.matchFilter(AndTreeFilter.java:157)
	at org.eclipse.jgit.treewalk.TreeWalk.next(TreeWalk.java:919)
	at org.eclipse.jgit.lib.IndexDiff.diff(IndexDiff.java:493)
	at org.eclipse.egit.core.internal.indexdiff.IndexDiffCacheEntry.lambda$8(IndexDiffCacheEntry.java:634)
	at org.eclipse.egit.core.UnitOfWork.run(UnitOfWork.java:115)
	at org.eclipse.egit.core.internal.indexdiff.IndexDiffCacheEntry.calcIndexDiffDataFull(IndexDiffCacheEntry.java:627)
	at org.eclipse.egit.core.internal.indexdiff.IndexDiffCacheEntry$2.reload(IndexDiffCacheEntry.java:398)
	at org.eclipse.egit.core.internal.indexdiff.IndexDiffCacheEntry$IndexDiffReloadJob.run(IndexDiffCacheEntry.java:775)
	at org.eclipse.core.internal.jobs.Worker.run(Worker.java:63)
Caused by: java.util.regex.PatternSyntaxException: Illegal character range near index 27
JRE System Library [JavaSE-21]
                           ^
	at java.base/java.util.regex.Pattern.error(Pattern.java:2204)
	at java.base/java.util.regex.Pattern.range(Pattern.java:2999)
	at java.base/java.util.regex.Pattern.clazz(Pattern.java:2887)
	at java.base/java.util.regex.Pattern.sequence(Pattern.java:2315)
	at java.base/java.util.regex.Pattern.expr(Pattern.java:2245)
	at java.base/java.util.regex.Pattern.compile(Pattern.java:1945)
	at java.base/java.util.regex.Pattern.<init>(Pattern.java:1576)
	at java.base/java.util.regex.Pattern.compile(Pattern.java:1134)
	at org.eclipse.jgit.ignore.internal.Strings.convertGlob(Strings.java:414)
	... 26 common frames omitted
2024-11-25 22:25:35,440 [Worker-6: Computing Git status for repository workspace] ERROR org.eclipse.jgit.ignore.IgnoreNode - File JLGP_Actividad2/.gitignore line 1: cannot parse pattern 'JRE System Library [JavaSE-21]': Exception caught while parsing ignore rule 'JRE System Library [JavaSE-21]'.
org.eclipse.jgit.errors.InvalidPatternException: Exception caught while parsing ignore rule 'JRE System Library [JavaSE-21]'.
	at org.eclipse.jgit.ignore.internal.Strings.convertGlob(Strings.java:416)
	at org.eclipse.jgit.ignore.internal.WildCardMatcher.<init>(WildCardMatcher.java:31)
	at org.eclipse.jgit.ignore.internal.PathMatcher.createNameMatcher0(PathMatcher.java:147)
	at org.eclipse.jgit.ignore.internal.PathMatcher.createMatchers(PathMatcher.java:67)
	at org.eclipse.jgit.ignore.internal.PathMatcher.<init>(PathMatcher.java:52)
	at org.eclipse.jgit.ignore.internal.PathMatcher.createPathMatcher(PathMatcher.java:104)
	at org.eclipse.jgit.ignore.FastIgnoreRule.parse(FastIgnoreRule.java:111)
	at org.eclipse.jgit.ignore.IgnoreNode.parse(IgnoreNode.java:111)
	at org.eclipse.jgit.treewalk.WorkingTreeIterator$PerDirectoryIgnoreNode.load(WorkingTreeIterator.java:1275)
	at org.eclipse.jgit.treewalk.WorkingTreeIterator$PerDirectoryIgnoreNode.load(WorkingTreeIterator.java:1269)
	at org.eclipse.jgit.treewalk.WorkingTreeIterator.getIgnoreNode(WorkingTreeIterator.java:737)
	at org.eclipse.jgit.treewalk.WorkingTreeIterator.isDirectoryIgnored(WorkingTreeIterator.java:1589)
	at org.eclipse.jgit.treewalk.WorkingTreeIterator.isDirectoryIgnored(WorkingTreeIterator.java:1567)
	at org.eclipse.jgit.treewalk.WorkingTreeIterator.isEntryIgnored(WorkingTreeIterator.java:719)
	at org.eclipse.jgit.treewalk.WorkingTreeIterator.isEntryIgnored(WorkingTreeIterator.java:679)
	at org.eclipse.jgit.treewalk.WorkingTreeIterator.isEntryIgnored(WorkingTreeIterator.java:666)
	at org.eclipse.jgit.treewalk.filter.IndexDiffFilter.include(IndexDiffFilter.java:137)
	at org.eclipse.jgit.treewalk.filter.TreeFilter.matchFilter(TreeFilter.java:195)
	at org.eclipse.jgit.treewalk.filter.AndTreeFilter$List.matchFilter(AndTreeFilter.java:157)
	at org.eclipse.jgit.treewalk.TreeWalk.next(TreeWalk.java:919)
	at org.eclipse.jgit.lib.IndexDiff.diff(IndexDiff.java:493)
	at org.eclipse.egit.core.internal.indexdiff.IndexDiffCacheEntry.lambda$8(IndexDiffCacheEntry.java:634)
	at org.eclipse.egit.core.UnitOfWork.run(UnitOfWork.java:115)
	at org.eclipse.egit.core.internal.indexdiff.IndexDiffCacheEntry.calcIndexDiffDataFull(IndexDiffCacheEntry.java:627)
	at org.eclipse.egit.core.internal.indexdiff.IndexDiffCacheEntry$2.reload(IndexDiffCacheEntry.java:398)
	at org.eclipse.egit.core.internal.indexdiff.IndexDiffCacheEntry$IndexDiffReloadJob.run(IndexDiffCacheEntry.java:775)
	at org.eclipse.core.internal.jobs.Worker.run(Worker.java:63)
Caused by: java.util.regex.PatternSyntaxException: Illegal character range near index 27
JRE System Library [JavaSE-21]
                           ^
	at java.base/java.util.regex.Pattern.error(Pattern.java:2204)
	at java.base/java.util.regex.Pattern.range(Pattern.java:2999)
	at java.base/java.util.regex.Pattern.clazz(Pattern.java:2887)
	at java.base/java.util.regex.Pattern.sequence(Pattern.java:2315)
	at java.base/java.util.regex.Pattern.expr(Pattern.java:2245)
	at java.base/java.util.regex.Pattern.compile(Pattern.java:1945)
	at java.base/java.util.regex.Pattern.<init>(Pattern.java:1576)
	at java.base/java.util.regex.Pattern.compile(Pattern.java:1134)
	at org.eclipse.jgit.ignore.internal.Strings.convertGlob(Strings.java:414)
	... 26 common frames omitted
2024-11-26 00:32:01,289 [Worker-0: Loading available Gradle versions] INFO  o.e.b.c.i.u.g.PublishedGradleVersions - Gradle version information cache is up-to-date. Trying to read.
2024-11-26 00:32:04,207 [Worker-7: Computing Git status for repository workspace] ERROR org.eclipse.jgit.ignore.IgnoreNode - File JLGP_Actividad2/.gitignore line 1: cannot parse pattern 'JRE System Library [JavaSE-21]': Exception caught while parsing ignore rule 'JRE System Library [JavaSE-21]'.
org.eclipse.jgit.errors.InvalidPatternException: Exception caught while parsing ignore rule 'JRE System Library [JavaSE-21]'.
	at org.eclipse.jgit.ignore.internal.Strings.convertGlob(Strings.java:416)
	at org.eclipse.jgit.ignore.internal.WildCardMatcher.<init>(WildCardMatcher.java:31)
	at org.eclipse.jgit.ignore.internal.PathMatcher.createNameMatcher0(PathMatcher.java:147)
	at org.eclipse.jgit.ignore.internal.PathMatcher.createMatchers(PathMatcher.java:67)
	at org.eclipse.jgit.ignore.internal.PathMatcher.<init>(PathMatcher.java:52)
	at org.eclipse.jgit.ignore.internal.PathMatcher.createPathMatcher(PathMatcher.java:104)
	at org.eclipse.jgit.ignore.FastIgnoreRule.parse(FastIgnoreRule.java:111)
	at org.eclipse.jgit.ignore.IgnoreNode.parse(IgnoreNode.java:111)
	at org.eclipse.jgit.treewalk.WorkingTreeIterator$PerDirectoryIgnoreNode.load(WorkingTreeIterator.java:1275)
	at org.eclipse.jgit.treewalk.WorkingTreeIterator$PerDirectoryIgnoreNode.load(WorkingTreeIterator.java:1269)
	at org.eclipse.jgit.treewalk.WorkingTreeIterator.getIgnoreNode(WorkingTreeIterator.java:737)
	at org.eclipse.jgit.treewalk.WorkingTreeIterator.isDirectoryIgnored(WorkingTreeIterator.java:1589)
	at org.eclipse.jgit.treewalk.WorkingTreeIterator.isDirectoryIgnored(WorkingTreeIterator.java:1567)
	at org.eclipse.jgit.treewalk.WorkingTreeIterator.isEntryIgnored(WorkingTreeIterator.java:719)
	at org.eclipse.jgit.treewalk.WorkingTreeIterator.isEntryIgnored(WorkingTreeIterator.java:679)
	at org.eclipse.jgit.treewalk.WorkingTreeIterator.isEntryIgnored(WorkingTreeIterator.java:666)
	at org.eclipse.jgit.treewalk.filter.IndexDiffFilter.include(IndexDiffFilter.java:137)
	at org.eclipse.jgit.treewalk.filter.TreeFilter.matchFilter(TreeFilter.java:195)
	at org.eclipse.jgit.treewalk.filter.AndTreeFilter$List.matchFilter(AndTreeFilter.java:157)
	at org.eclipse.jgit.treewalk.TreeWalk.next(TreeWalk.java:919)
	at org.eclipse.jgit.lib.IndexDiff.diff(IndexDiff.java:493)
	at org.eclipse.egit.core.internal.indexdiff.IndexDiffCacheEntry.lambda$8(IndexDiffCacheEntry.java:634)
	at org.eclipse.egit.core.UnitOfWork.run(UnitOfWork.java:115)
	at org.eclipse.egit.core.internal.indexdiff.IndexDiffCacheEntry.calcIndexDiffDataFull(IndexDiffCacheEntry.java:627)
	at org.eclipse.egit.core.internal.indexdiff.IndexDiffCacheEntry$2.reload(IndexDiffCacheEntry.java:398)
	at org.eclipse.egit.core.internal.indexdiff.IndexDiffCacheEntry$IndexDiffReloadJob.run(IndexDiffCacheEntry.java:775)
	at org.eclipse.core.internal.jobs.Worker.run(Worker.java:63)
Caused by: java.util.regex.PatternSyntaxException: Illegal character range near index 27
JRE System Library [JavaSE-21]
                           ^
	at java.base/java.util.regex.Pattern.error(Pattern.java:2204)
	at java.base/java.util.regex.Pattern.range(Pattern.java:2999)
	at java.base/java.util.regex.Pattern.clazz(Pattern.java:2887)
	at java.base/java.util.regex.Pattern.sequence(Pattern.java:2315)
	at java.base/java.util.regex.Pattern.expr(Pattern.java:2245)
	at java.base/java.util.regex.Pattern.compile(Pattern.java:1945)
	at java.base/java.util.regex.Pattern.<init>(Pattern.java:1576)
	at java.base/java.util.regex.Pattern.compile(Pattern.java:1134)
	at org.eclipse.jgit.ignore.internal.Strings.convertGlob(Strings.java:414)
	... 26 common frames omitted
2024-11-26 00:32:06,650 [Worker-6: Computing Git status for repository workspace] ERROR org.eclipse.jgit.ignore.IgnoreNode - File JLGP_Actividad2/.gitignore line 1: cannot parse pattern 'JRE System Library [JavaSE-21]': Exception caught while parsing ignore rule 'JRE System Library [JavaSE-21]'.
org.eclipse.jgit.errors.InvalidPatternException: Exception caught while parsing ignore rule 'JRE System Library [JavaSE-21]'.
	at org.eclipse.jgit.ignore.internal.Strings.convertGlob(Strings.java:416)
	at org.eclipse.jgit.ignore.internal.WildCardMatcher.<init>(WildCardMatcher.java:31)
	at org.eclipse.jgit.ignore.internal.PathMatcher.createNameMatcher0(PathMatcher.java:147)
	at org.eclipse.jgit.ignore.internal.PathMatcher.createMatchers(PathMatcher.java:67)
	at org.eclipse.jgit.ignore.internal.PathMatcher.<init>(PathMatcher.java:52)
	at org.eclipse.jgit.ignore.internal.PathMatcher.createPathMatcher(PathMatcher.java:104)
	at org.eclipse.jgit.ignore.FastIgnoreRule.parse(FastIgnoreRule.java:111)
	at org.eclipse.jgit.ignore.IgnoreNode.parse(IgnoreNode.java:111)
	at org.eclipse.jgit.treewalk.WorkingTreeIterator$PerDirectoryIgnoreNode.load(WorkingTreeIterator.java:1275)
	at org.eclipse.jgit.treewalk.WorkingTreeIterator$PerDirectoryIgnoreNode.load(WorkingTreeIterator.java:1269)
	at org.eclipse.jgit.treewalk.WorkingTreeIterator.getIgnoreNode(WorkingTreeIterator.java:737)
	at org.eclipse.jgit.treewalk.WorkingTreeIterator.isDirectoryIgnored(WorkingTreeIterator.java:1589)
	at org.eclipse.jgit.treewalk.WorkingTreeIterator.isDirectoryIgnored(WorkingTreeIterator.java:1567)
	at org.eclipse.jgit.treewalk.WorkingTreeIterator.isEntryIgnored(WorkingTreeIterator.java:719)
	at org.eclipse.jgit.treewalk.WorkingTreeIterator.isEntryIgnored(WorkingTreeIterator.java:679)
	at org.eclipse.jgit.treewalk.WorkingTreeIterator.isEntryIgnored(WorkingTreeIterator.java:666)
	at org.eclipse.jgit.treewalk.filter.IndexDiffFilter.include(IndexDiffFilter.java:137)
	at org.eclipse.jgit.treewalk.filter.TreeFilter.matchFilter(TreeFilter.java:195)
	at org.eclipse.jgit.treewalk.filter.AndTreeFilter$List.matchFilter(AndTreeFilter.java:157)
	at org.eclipse.jgit.treewalk.TreeWalk.next(TreeWalk.java:919)
	at org.eclipse.jgit.lib.IndexDiff.diff(IndexDiff.java:493)
	at org.eclipse.egit.core.internal.indexdiff.IndexDiffCacheEntry.lambda$8(IndexDiffCacheEntry.java:634)
	at org.eclipse.egit.core.UnitOfWork.run(UnitOfWork.java:115)
	at org.eclipse.egit.core.internal.indexdiff.IndexDiffCacheEntry.calcIndexDiffDataFull(IndexDiffCacheEntry.java:627)
	at org.eclipse.egit.core.internal.indexdiff.IndexDiffCacheEntry$2.reload(IndexDiffCacheEntry.java:398)
	at org.eclipse.egit.core.internal.indexdiff.IndexDiffCacheEntry$IndexDiffReloadJob.run(IndexDiffCacheEntry.java:775)
	at org.eclipse.core.internal.jobs.Worker.run(Worker.java:63)
Caused by: java.util.regex.PatternSyntaxException: Illegal character range near index 27
JRE System Library [JavaSE-21]
                           ^
	at java.base/java.util.regex.Pattern.error(Pattern.java:2204)
	at java.base/java.util.regex.Pattern.range(Pattern.java:2999)
	at java.base/java.util.regex.Pattern.clazz(Pattern.java:2887)
	at java.base/java.util.regex.Pattern.sequence(Pattern.java:2315)
	at java.base/java.util.regex.Pattern.expr(Pattern.java:2245)
	at java.base/java.util.regex.Pattern.compile(Pattern.java:1945)
	at java.base/java.util.regex.Pattern.<init>(Pattern.java:1576)
	at java.base/java.util.regex.Pattern.compile(Pattern.java:1134)
	at org.eclipse.jgit.ignore.internal.Strings.convertGlob(Strings.java:414)
	... 26 common frames omitted
2024-11-26 16:47:35,369 [Worker-0: Loading available Gradle versions] INFO  o.e.b.c.i.u.g.PublishedGradleVersions - Gradle version information cache is up-to-date. Trying to read.
2024-11-26 16:47:39,705 [Worker-8: Computing Git status for repository workspace] ERROR org.eclipse.jgit.ignore.IgnoreNode - File JLGP_Actividad2/.gitignore line 1: cannot parse pattern 'JRE System Library [JavaSE-21]': Exception caught while parsing ignore rule 'JRE System Library [JavaSE-21]'.
org.eclipse.jgit.errors.InvalidPatternException: Exception caught while parsing ignore rule 'JRE System Library [JavaSE-21]'.
	at org.eclipse.jgit.ignore.internal.Strings.convertGlob(Strings.java:416)
	at org.eclipse.jgit.ignore.internal.WildCardMatcher.<init>(WildCardMatcher.java:31)
	at org.eclipse.jgit.ignore.internal.PathMatcher.createNameMatcher0(PathMatcher.java:147)
	at org.eclipse.jgit.ignore.internal.PathMatcher.createMatchers(PathMatcher.java:67)
	at org.eclipse.jgit.ignore.internal.PathMatcher.<init>(PathMatcher.java:52)
	at org.eclipse.jgit.ignore.internal.PathMatcher.createPathMatcher(PathMatcher.java:104)
	at org.eclipse.jgit.ignore.FastIgnoreRule.parse(FastIgnoreRule.java:111)
	at org.eclipse.jgit.ignore.IgnoreNode.parse(IgnoreNode.java:111)
	at org.eclipse.jgit.treewalk.WorkingTreeIterator$PerDirectoryIgnoreNode.load(WorkingTreeIterator.java:1275)
	at org.eclipse.jgit.treewalk.WorkingTreeIterator$PerDirectoryIgnoreNode.load(WorkingTreeIterator.java:1269)
	at org.eclipse.jgit.treewalk.WorkingTreeIterator.getIgnoreNode(WorkingTreeIterator.java:737)
	at org.eclipse.jgit.treewalk.WorkingTreeIterator.isDirectoryIgnored(WorkingTreeIterator.java:1589)
	at org.eclipse.jgit.treewalk.WorkingTreeIterator.isDirectoryIgnored(WorkingTreeIterator.java:1567)
	at org.eclipse.jgit.treewalk.WorkingTreeIterator.isEntryIgnored(WorkingTreeIterator.java:719)
	at org.eclipse.jgit.treewalk.WorkingTreeIterator.isEntryIgnored(WorkingTreeIterator.java:679)
	at org.eclipse.jgit.treewalk.WorkingTreeIterator.isEntryIgnored(WorkingTreeIterator.java:666)
	at org.eclipse.jgit.treewalk.filter.IndexDiffFilter.include(IndexDiffFilter.java:137)
	at org.eclipse.jgit.treewalk.filter.TreeFilter.matchFilter(TreeFilter.java:195)
	at org.eclipse.jgit.treewalk.filter.AndTreeFilter$List.matchFilter(AndTreeFilter.java:157)
	at org.eclipse.jgit.treewalk.TreeWalk.next(TreeWalk.java:919)
	at org.eclipse.jgit.lib.IndexDiff.diff(IndexDiff.java:493)
	at org.eclipse.egit.core.internal.indexdiff.IndexDiffCacheEntry.lambda$8(IndexDiffCacheEntry.java:634)
	at org.eclipse.egit.core.UnitOfWork.run(UnitOfWork.java:115)
	at org.eclipse.egit.core.internal.indexdiff.IndexDiffCacheEntry.calcIndexDiffDataFull(IndexDiffCacheEntry.java:627)
	at org.eclipse.egit.core.internal.indexdiff.IndexDiffCacheEntry$2.reload(IndexDiffCacheEntry.java:398)
	at org.eclipse.egit.core.internal.indexdiff.IndexDiffCacheEntry$IndexDiffReloadJob.run(IndexDiffCacheEntry.java:775)
	at org.eclipse.core.internal.jobs.Worker.run(Worker.java:63)
Caused by: java.util.regex.PatternSyntaxException: Illegal character range near index 27
JRE System Library [JavaSE-21]
                           ^
	at java.base/java.util.regex.Pattern.error(Pattern.java:2204)
	at java.base/java.util.regex.Pattern.range(Pattern.java:2999)
	at java.base/java.util.regex.Pattern.clazz(Pattern.java:2887)
	at java.base/java.util.regex.Pattern.sequence(Pattern.java:2315)
	at java.base/java.util.regex.Pattern.expr(Pattern.java:2245)
	at java.base/java.util.regex.Pattern.compile(Pattern.java:1945)
	at java.base/java.util.regex.Pattern.<init>(Pattern.java:1576)
	at java.base/java.util.regex.Pattern.compile(Pattern.java:1134)
	at org.eclipse.jgit.ignore.internal.Strings.convertGlob(Strings.java:414)
	... 26 common frames omitted
2024-11-26 16:47:41,439 [Worker-6: Computing Git status for repository workspace] ERROR org.eclipse.jgit.ignore.IgnoreNode - File JLGP_Actividad2/.gitignore line 1: cannot parse pattern 'JRE System Library [JavaSE-21]': Exception caught while parsing ignore rule 'JRE System Library [JavaSE-21]'.
org.eclipse.jgit.errors.InvalidPatternException: Exception caught while parsing ignore rule 'JRE System Library [JavaSE-21]'.
	at org.eclipse.jgit.ignore.internal.Strings.convertGlob(Strings.java:416)
	at org.eclipse.jgit.ignore.internal.WildCardMatcher.<init>(WildCardMatcher.java:31)
	at org.eclipse.jgit.ignore.internal.PathMatcher.createNameMatcher0(PathMatcher.java:147)
	at org.eclipse.jgit.ignore.internal.PathMatcher.createMatchers(PathMatcher.java:67)
	at org.eclipse.jgit.ignore.internal.PathMatcher.<init>(PathMatcher.java:52)
	at org.eclipse.jgit.ignore.internal.PathMatcher.createPathMatcher(PathMatcher.java:104)
	at org.eclipse.jgit.ignore.FastIgnoreRule.parse(FastIgnoreRule.java:111)
	at org.eclipse.jgit.ignore.IgnoreNode.parse(IgnoreNode.java:111)
	at org.eclipse.jgit.treewalk.WorkingTreeIterator$PerDirectoryIgnoreNode.load(WorkingTreeIterator.java:1275)
	at org.eclipse.jgit.treewalk.WorkingTreeIterator$PerDirectoryIgnoreNode.load(WorkingTreeIterator.java:1269)
	at org.eclipse.jgit.treewalk.WorkingTreeIterator.getIgnoreNode(WorkingTreeIterator.java:737)
	at org.eclipse.jgit.treewalk.WorkingTreeIterator.isDirectoryIgnored(WorkingTreeIterator.java:1589)
	at org.eclipse.jgit.treewalk.WorkingTreeIterator.isDirectoryIgnored(WorkingTreeIterator.java:1567)
	at org.eclipse.jgit.treewalk.WorkingTreeIterator.isEntryIgnored(WorkingTreeIterator.java:719)
	at org.eclipse.jgit.treewalk.WorkingTreeIterator.isEntryIgnored(WorkingTreeIterator.java:679)
	at org.eclipse.jgit.treewalk.WorkingTreeIterator.isEntryIgnored(WorkingTreeIterator.java:666)
	at org.eclipse.jgit.treewalk.filter.IndexDiffFilter.include(IndexDiffFilter.java:137)
	at org.eclipse.jgit.treewalk.filter.TreeFilter.matchFilter(TreeFilter.java:195)
	at org.eclipse.jgit.treewalk.filter.AndTreeFilter$List.matchFilter(AndTreeFilter.java:157)
	at org.eclipse.jgit.treewalk.TreeWalk.next(TreeWalk.java:919)
	at org.eclipse.jgit.lib.IndexDiff.diff(IndexDiff.java:493)
	at org.eclipse.egit.core.internal.indexdiff.IndexDiffCacheEntry.lambda$8(IndexDiffCacheEntry.java:634)
	at org.eclipse.egit.core.UnitOfWork.run(UnitOfWork.java:115)
	at org.eclipse.egit.core.internal.indexdiff.IndexDiffCacheEntry.calcIndexDiffDataFull(IndexDiffCacheEntry.java:627)
	at org.eclipse.egit.core.internal.indexdiff.IndexDiffCacheEntry$2.reload(IndexDiffCacheEntry.java:398)
	at org.eclipse.egit.core.internal.indexdiff.IndexDiffCacheEntry$IndexDiffReloadJob.run(IndexDiffCacheEntry.java:775)
	at org.eclipse.core.internal.jobs.Worker.run(Worker.java:63)
Caused by: java.util.regex.PatternSyntaxException: Illegal character range near index 27
JRE System Library [JavaSE-21]
                           ^
	at java.base/java.util.regex.Pattern.error(Pattern.java:2204)
	at java.base/java.util.regex.Pattern.range(Pattern.java:2999)
	at java.base/java.util.regex.Pattern.clazz(Pattern.java:2887)
	at java.base/java.util.regex.Pattern.sequence(Pattern.java:2315)
	at java.base/java.util.regex.Pattern.expr(Pattern.java:2245)
	at java.base/java.util.regex.Pattern.compile(Pattern.java:1945)
	at java.base/java.util.regex.Pattern.<init>(Pattern.java:1576)
	at java.base/java.util.regex.Pattern.compile(Pattern.java:1134)
	at org.eclipse.jgit.ignore.internal.Strings.convertGlob(Strings.java:414)
	... 26 common frames omitted
2024-11-26 17:45:32,477 [Worker-25: Computing Git status for repository workspace] ERROR org.eclipse.jgit.ignore.IgnoreNode - File JLGP_Actividad2/.gitignore line 1: cannot parse pattern 'JRE System Library [JavaSE-21]': Exception caught while parsing ignore rule 'JRE System Library [JavaSE-21]'.
org.eclipse.jgit.errors.InvalidPatternException: Exception caught while parsing ignore rule 'JRE System Library [JavaSE-21]'.
	at org.eclipse.jgit.ignore.internal.Strings.convertGlob(Strings.java:416)
	at org.eclipse.jgit.ignore.internal.WildCardMatcher.<init>(WildCardMatcher.java:31)
	at org.eclipse.jgit.ignore.internal.PathMatcher.createNameMatcher0(PathMatcher.java:147)
	at org.eclipse.jgit.ignore.internal.PathMatcher.createMatchers(PathMatcher.java:67)
	at org.eclipse.jgit.ignore.internal.PathMatcher.<init>(PathMatcher.java:52)
	at org.eclipse.jgit.ignore.internal.PathMatcher.createPathMatcher(PathMatcher.java:104)
	at org.eclipse.jgit.ignore.FastIgnoreRule.parse(FastIgnoreRule.java:111)
	at org.eclipse.jgit.ignore.IgnoreNode.parse(IgnoreNode.java:111)
	at org.eclipse.jgit.treewalk.WorkingTreeIterator$PerDirectoryIgnoreNode.load(WorkingTreeIterator.java:1275)
	at org.eclipse.jgit.treewalk.WorkingTreeIterator$PerDirectoryIgnoreNode.load(WorkingTreeIterator.java:1269)
	at org.eclipse.jgit.treewalk.WorkingTreeIterator.getIgnoreNode(WorkingTreeIterator.java:737)
	at org.eclipse.jgit.treewalk.WorkingTreeIterator.isDirectoryIgnored(WorkingTreeIterator.java:1589)
	at org.eclipse.jgit.treewalk.WorkingTreeIterator.isDirectoryIgnored(WorkingTreeIterator.java:1567)
	at org.eclipse.jgit.treewalk.WorkingTreeIterator.isEntryIgnored(WorkingTreeIterator.java:719)
	at org.eclipse.jgit.treewalk.WorkingTreeIterator.isEntryIgnored(WorkingTreeIterator.java:679)
	at org.eclipse.jgit.treewalk.WorkingTreeIterator.isEntryIgnored(WorkingTreeIterator.java:666)
	at org.eclipse.jgit.treewalk.filter.IndexDiffFilter.include(IndexDiffFilter.java:137)
	at org.eclipse.jgit.treewalk.filter.TreeFilter.matchFilter(TreeFilter.java:195)
	at org.eclipse.jgit.treewalk.filter.AndTreeFilter$List.matchFilter(AndTreeFilter.java:157)
	at org.eclipse.jgit.treewalk.TreeWalk.next(TreeWalk.java:919)
	at org.eclipse.jgit.lib.IndexDiff.diff(IndexDiff.java:493)
	at org.eclipse.egit.core.internal.indexdiff.IndexDiffCacheEntry.lambda$8(IndexDiffCacheEntry.java:634)
	at org.eclipse.egit.core.UnitOfWork.run(UnitOfWork.java:115)
	at org.eclipse.egit.core.internal.indexdiff.IndexDiffCacheEntry.calcIndexDiffDataFull(IndexDiffCacheEntry.java:627)
	at org.eclipse.egit.core.internal.indexdiff.IndexDiffCacheEntry$2.reload(IndexDiffCacheEntry.java:398)
	at org.eclipse.egit.core.internal.indexdiff.IndexDiffCacheEntry$IndexDiffReloadJob.run(IndexDiffCacheEntry.java:775)
	at org.eclipse.core.internal.jobs.Worker.run(Worker.java:63)
Caused by: java.util.regex.PatternSyntaxException: Illegal character range near index 27
JRE System Library [JavaSE-21]
                           ^
	at java.base/java.util.regex.Pattern.error(Pattern.java:2204)
	at java.base/java.util.regex.Pattern.range(Pattern.java:2999)
	at java.base/java.util.regex.Pattern.clazz(Pattern.java:2887)
	at java.base/java.util.regex.Pattern.sequence(Pattern.java:2315)
	at java.base/java.util.regex.Pattern.expr(Pattern.java:2245)
	at java.base/java.util.regex.Pattern.compile(Pattern.java:1945)
	at java.base/java.util.regex.Pattern.<init>(Pattern.java:1576)
	at java.base/java.util.regex.Pattern.compile(Pattern.java:1134)
	at org.eclipse.jgit.ignore.internal.Strings.convertGlob(Strings.java:414)
	... 26 common frames omitted
2024-12-03 17:43:11,470 [Worker-1: Loading available Gradle versions] INFO  o.e.b.c.i.u.g.PublishedGradleVersions - Gradle version information cache is out-of-date. Trying to update.
2024-12-03 17:43:16,218 [Worker-8: Computing Git status for repository workspace] ERROR org.eclipse.jgit.ignore.IgnoreNode - File JLGP_Actividad2/.gitignore line 1: cannot parse pattern 'JRE System Library [JavaSE-21]': Exception caught while parsing ignore rule 'JRE System Library [JavaSE-21]'.
org.eclipse.jgit.errors.InvalidPatternException: Exception caught while parsing ignore rule 'JRE System Library [JavaSE-21]'.
	at org.eclipse.jgit.ignore.internal.Strings.convertGlob(Strings.java:416)
	at org.eclipse.jgit.ignore.internal.WildCardMatcher.<init>(WildCardMatcher.java:31)
	at org.eclipse.jgit.ignore.internal.PathMatcher.createNameMatcher0(PathMatcher.java:147)
	at org.eclipse.jgit.ignore.internal.PathMatcher.createMatchers(PathMatcher.java:67)
	at org.eclipse.jgit.ignore.internal.PathMatcher.<init>(PathMatcher.java:52)
	at org.eclipse.jgit.ignore.internal.PathMatcher.createPathMatcher(PathMatcher.java:104)
	at org.eclipse.jgit.ignore.FastIgnoreRule.parse(FastIgnoreRule.java:111)
	at org.eclipse.jgit.ignore.IgnoreNode.parse(IgnoreNode.java:111)
	at org.eclipse.jgit.treewalk.WorkingTreeIterator$PerDirectoryIgnoreNode.load(WorkingTreeIterator.java:1275)
	at org.eclipse.jgit.treewalk.WorkingTreeIterator$PerDirectoryIgnoreNode.load(WorkingTreeIterator.java:1269)
	at org.eclipse.jgit.treewalk.WorkingTreeIterator.getIgnoreNode(WorkingTreeIterator.java:737)
	at org.eclipse.jgit.treewalk.WorkingTreeIterator.isDirectoryIgnored(WorkingTreeIterator.java:1589)
	at org.eclipse.jgit.treewalk.WorkingTreeIterator.isDirectoryIgnored(WorkingTreeIterator.java:1567)
	at org.eclipse.jgit.treewalk.WorkingTreeIterator.isEntryIgnored(WorkingTreeIterator.java:719)
	at org.eclipse.jgit.treewalk.WorkingTreeIterator.isEntryIgnored(WorkingTreeIterator.java:679)
	at org.eclipse.jgit.treewalk.WorkingTreeIterator.isEntryIgnored(WorkingTreeIterator.java:666)
	at org.eclipse.jgit.treewalk.filter.IndexDiffFilter.include(IndexDiffFilter.java:137)
	at org.eclipse.jgit.treewalk.filter.TreeFilter.matchFilter(TreeFilter.java:195)
	at org.eclipse.jgit.treewalk.filter.AndTreeFilter$List.matchFilter(AndTreeFilter.java:157)
	at org.eclipse.jgit.treewalk.TreeWalk.next(TreeWalk.java:919)
	at org.eclipse.jgit.lib.IndexDiff.diff(IndexDiff.java:493)
	at org.eclipse.egit.core.internal.indexdiff.IndexDiffCacheEntry.lambda$8(IndexDiffCacheEntry.java:634)
	at org.eclipse.egit.core.UnitOfWork.run(UnitOfWork.java:115)
	at org.eclipse.egit.core.internal.indexdiff.IndexDiffCacheEntry.calcIndexDiffDataFull(IndexDiffCacheEntry.java:627)
	at org.eclipse.egit.core.internal.indexdiff.IndexDiffCacheEntry$2.reload(IndexDiffCacheEntry.java:398)
	at org.eclipse.egit.core.internal.indexdiff.IndexDiffCacheEntry$IndexDiffReloadJob.run(IndexDiffCacheEntry.java:775)
	at org.eclipse.core.internal.jobs.Worker.run(Worker.java:63)
Caused by: java.util.regex.PatternSyntaxException: Illegal character range near index 27
JRE System Library [JavaSE-21]
                           ^
	at java.base/java.util.regex.Pattern.error(Pattern.java:2204)
	at java.base/java.util.regex.Pattern.range(Pattern.java:2999)
	at java.base/java.util.regex.Pattern.clazz(Pattern.java:2887)
	at java.base/java.util.regex.Pattern.sequence(Pattern.java:2315)
	at java.base/java.util.regex.Pattern.expr(Pattern.java:2245)
	at java.base/java.util.regex.Pattern.compile(Pattern.java:1945)
	at java.base/java.util.regex.Pattern.<init>(Pattern.java:1576)
	at java.base/java.util.regex.Pattern.compile(Pattern.java:1134)
	at org.eclipse.jgit.ignore.internal.Strings.convertGlob(Strings.java:414)
	... 26 common frames omitted
2024-12-03 17:43:16,955 [Worker-0: Computing Git status for repository workspace] ERROR org.eclipse.jgit.ignore.IgnoreNode - File JLGP_Actividad2/.gitignore line 1: cannot parse pattern 'JRE System Library [JavaSE-21]': Exception caught while parsing ignore rule 'JRE System Library [JavaSE-21]'.
org.eclipse.jgit.errors.InvalidPatternException: Exception caught while parsing ignore rule 'JRE System Library [JavaSE-21]'.
	at org.eclipse.jgit.ignore.internal.Strings.convertGlob(Strings.java:416)
	at org.eclipse.jgit.ignore.internal.WildCardMatcher.<init>(WildCardMatcher.java:31)
	at org.eclipse.jgit.ignore.internal.PathMatcher.createNameMatcher0(PathMatcher.java:147)
	at org.eclipse.jgit.ignore.internal.PathMatcher.createMatchers(PathMatcher.java:67)
	at org.eclipse.jgit.ignore.internal.PathMatcher.<init>(PathMatcher.java:52)
	at org.eclipse.jgit.ignore.internal.PathMatcher.createPathMatcher(PathMatcher.java:104)
	at org.eclipse.jgit.ignore.FastIgnoreRule.parse(FastIgnoreRule.java:111)
	at org.eclipse.jgit.ignore.IgnoreNode.parse(IgnoreNode.java:111)
	at org.eclipse.jgit.treewalk.WorkingTreeIterator$PerDirectoryIgnoreNode.load(WorkingTreeIterator.java:1275)
	at org.eclipse.jgit.treewalk.WorkingTreeIterator$PerDirectoryIgnoreNode.load(WorkingTreeIterator.java:1269)
	at org.eclipse.jgit.treewalk.WorkingTreeIterator.getIgnoreNode(WorkingTreeIterator.java:737)
	at org.eclipse.jgit.treewalk.WorkingTreeIterator.isDirectoryIgnored(WorkingTreeIterator.java:1589)
	at org.eclipse.jgit.treewalk.WorkingTreeIterator.isDirectoryIgnored(WorkingTreeIterator.java:1567)
	at org.eclipse.jgit.treewalk.WorkingTreeIterator.isEntryIgnored(WorkingTreeIterator.java:719)
	at org.eclipse.jgit.treewalk.WorkingTreeIterator.isEntryIgnored(WorkingTreeIterator.java:679)
	at org.eclipse.jgit.treewalk.WorkingTreeIterator.isEntryIgnored(WorkingTreeIterator.java:666)
	at org.eclipse.jgit.treewalk.filter.IndexDiffFilter.include(IndexDiffFilter.java:137)
	at org.eclipse.jgit.treewalk.filter.TreeFilter.matchFilter(TreeFilter.java:195)
	at org.eclipse.jgit.treewalk.filter.AndTreeFilter$List.matchFilter(AndTreeFilter.java:157)
	at org.eclipse.jgit.treewalk.TreeWalk.next(TreeWalk.java:919)
	at org.eclipse.jgit.lib.IndexDiff.diff(IndexDiff.java:493)
	at org.eclipse.egit.core.internal.indexdiff.IndexDiffCacheEntry.lambda$8(IndexDiffCacheEntry.java:634)
	at org.eclipse.egit.core.UnitOfWork.run(UnitOfWork.java:115)
	at org.eclipse.egit.core.internal.indexdiff.IndexDiffCacheEntry.calcIndexDiffDataFull(IndexDiffCacheEntry.java:627)
	at org.eclipse.egit.core.internal.indexdiff.IndexDiffCacheEntry$2.reload(IndexDiffCacheEntry.java:398)
	at org.eclipse.egit.core.internal.indexdiff.IndexDiffCacheEntry$IndexDiffReloadJob.run(IndexDiffCacheEntry.java:775)
	at org.eclipse.core.internal.jobs.Worker.run(Worker.java:63)
Caused by: java.util.regex.PatternSyntaxException: Illegal character range near index 27
JRE System Library [JavaSE-21]
                           ^
	at java.base/java.util.regex.Pattern.error(Pattern.java:2204)
	at java.base/java.util.regex.Pattern.range(Pattern.java:2999)
	at java.base/java.util.regex.Pattern.clazz(Pattern.java:2887)
	at java.base/java.util.regex.Pattern.sequence(Pattern.java:2315)
	at java.base/java.util.regex.Pattern.expr(Pattern.java:2245)
	at java.base/java.util.regex.Pattern.compile(Pattern.java:1945)
	at java.base/java.util.regex.Pattern.<init>(Pattern.java:1576)
	at java.base/java.util.regex.Pattern.compile(Pattern.java:1134)
	at org.eclipse.jgit.ignore.internal.Strings.convertGlob(Strings.java:414)
	... 26 common frames omitted
